0 info it worked if it ends with ok
1 verbose cli [ 'C:\\Program Files\\nodejs\\node.exe',
1 verbose cli   'C:\\Program Files\\nodejs\\node_modules\\npm\\bin\\npm-cli.js',
1 verbose cli   'run',
1 verbose cli   'nodemon' ]
2 info using npm@2.14.4
3 info using node@v4.1.1
4 verbose run-script [ 'prenodemon', 'nodemon', 'postnodemon' ]
5 info prenodemon pantrymanagerng2@1.0.0
6 info nodemon pantrymanagerng2@1.0.0
7 verbose unsafe-perm in lifecycle true
8 info pantrymanagerng2@1.0.0 Failed to exec nodemon script
9 verbose stack Error: pantrymanagerng2@1.0.0 nodemon: `npm-run-all --parallel nodemon_task`
9 verbose stack Exit status 1
9 verbose stack     at EventEmitter.<anonymous> (C:\Program Files\nodejs\node_modules\npm\lib\utils\lifecycle.js:214:16)
9 verbose stack     at emitTwo (events.js:87:13)
9 verbose stack     at EventEmitter.emit (events.js:172:7)
9 verbose stack     at ChildProcess.<anonymous> (C:\Program Files\nodejs\node_modules\npm\lib\utils\spawn.js:24:14)
9 verbose stack     at emitTwo (events.js:87:13)
9 verbose stack     at ChildProcess.emit (events.js:172:7)
9 verbose stack     at maybeClose (internal/child_process.js:817:16)
9 verbose stack     at Process.ChildProcess._handle.onexit (internal/child_process.js:211:5)
10 verbose pkgid pantrymanagerng2@1.0.0
11 verbose cwd c:\Projects\pantrymanagerng2
12 error Windows_NT 6.1.7601
13 error argv "C:\\Program Files\\nodejs\\node.exe" "C:\\Program Files\\nodejs\\node_modules\\npm\\bin\\npm-cli.js" "run" "nodemon"
14 error node v4.1.1
15 error npm  v2.14.4
16 error code ELIFECYCLE
17 error pantrymanagerng2@1.0.0 nodemon: `npm-run-all --parallel nodemon_task`
17 error Exit status 1
18 error Failed at the pantrymanagerng2@1.0.0 nodemon script 'npm-run-all --parallel nodemon_task'.
18 error This is most likely a problem with the pantrymanagerng2 package,
18 error not with npm itself.
18 error Tell the author that this fails on your system:
18 error     npm-run-all --parallel nodemon_task
18 error You can get their info via:
18 error     npm owner ls pantrymanagerng2
18 error There is likely additional logging output above.
19 verbose exit [ 1, true ]
